c:\users\gad\source\repos\autotraderrg\debug\vc142.pdb
c:\users\gad\source\repos\autotraderrg\debug\trade.obj
c:\users\gad\source\repos\autotraderrg\debug\utils.obj
c:\users\gad\source\repos\autotraderrg\debug\testcppclient.obj
c:\users\gad\source\repos\autotraderrg\debug\stdafx.obj
c:\users\gad\source\repos\autotraderrg\debug\scannersubscriptionsamples.obj
c:\users\gad\source\repos\autotraderrg\debug\ordersamples.obj
c:\users\gad\source\repos\autotraderrg\debug\contractsamples.obj
c:\users\gad\source\repos\autotraderrg\debug\availablealgoparams.obj
c:\users\gad\source\repos\autotraderrg\debug\accountsummarytags.obj
c:\users\gad\source\repos\autotraderrg\debug\stock.obj
c:\users\gad\source\repos\autotraderrg\debug\scanner.obj
c:\users\gad\source\repos\autotraderrg\debug\pattren.obj
c:\users\gad\source\repos\autotraderrg\debug\iorder.obj
c:\users\gad\source\repos\autotraderrg\debug\ib_order.obj
c:\users\gad\source\repos\autotraderrg\debug\ib_level_2_data.obj
c:\users\gad\source\repos\autotraderrg\debug\ib_level_1_data.obj
c:\users\gad\source\repos\autotraderrg\debug\ib_historcal_data.obj
c:\users\gad\source\repos\autotraderrg\debug\controller.obj
c:\users\gad\source\repos\autotraderrg\debug\autotrader.tlog\cl.command.1.tlog
c:\users\gad\source\repos\autotraderrg\debug\autotrader.tlog\cl.read.1.tlog
c:\users\gad\source\repos\autotraderrg\debug\autotrader.tlog\cl.write.1.tlog
